{"C:\\Users\\Rivath\\Desktop\\lab1\\lab1\\src\\app.ts": {"path":"C:\\Users\\Rivath\\Desktop\\lab1\\lab1\\src\\app.ts","statementMap":{"0":{"start":{"line":3,"column":12},"end":{"line":3,"column":null}},"1":{"start":{"line":5,"column":0},"end":{"line":7,"column":null}},"2":{"start":{"line":6,"column":1},"end":{"line":6,"column":null}}},"fnMap":{"0":{"name":"(anonymous_0)","decl":{"start":{"line":5,"column":13},"end":{"line":5,"column":14}},"loc":{"start":{"line":5,"column":20},"end":{"line":7,"column":1}},"line":5}},"branchMap":{},"s":{"0":1,"1":1,"2":1},"f":{"0":1},"b":{},"meta":{"lastBranch":0,"lastFunction":1,"lastStatement":3,"seen":{"s:3:12:3:Infinity":0,"s:5:0:7:Infinity":1,"f:5:13:5:14":0,"s:6:1:6:Infinity":2}}}
}
